{"/Users/bstephens/projects/someapp/src/app.js": {"path":"/Users/bstephens/projects/someapp/src/app.js","statementMap":{"0":{"start":{"line":1,"column":13},"end":{"line":1,"column":75}},"1":{"start":{"line":1,"column":94},"end":{"line":1,"column":623}},"2":{"start":{"line":1,"column":149},"end":{"line":1,"column":414}},"3":{"start":{"line":1,"column":206},"end":{"line":1,"column":214}},"4":{"start":{"line":1,"column":215},"end":{"line":1,"column":270}},"5":{"start":{"line":1,"column":270},"end":{"line":1,"column":301}},"6":{"start":{"line":1,"column":301},"end":{"line":1,"column":355}},"7":{"start":{"line":1,"column":328},"end":{"line":1,"column":355}},"8":{"start":{"line":1,"column":355},"end":{"line":1,"column":413}},"9":{"start":{"line":1,"column":415},"end":{"line":1,"column":620}},"10":{"start":{"line":1,"column":471},"end":{"line":1,"column":539}},"11":{"start":{"line":1,"column":487},"end":{"line":1,"column":539}},"12":{"start":{"line":1,"column":539},"end":{"line":1,"column":599}},"13":{"start":{"line":1,"column":556},"end":{"line":1,"column":599}},"14":{"start":{"line":1,"column":599},"end":{"line":1,"column":618}},"15":{"start":{"line":1,"column":637},"end":{"line":1,"column":653}},"16":{"start":{"line":1,"column":668},"end":{"line":1,"column":698}},"17":{"start":{"line":2,"column":17},"end":{"line":2,"column":38}},"18":{"start":{"line":2,"column":57},"end":{"line":2,"column":91}},"19":{"start":{"line":3,"column":13},"end":{"line":3,"column":29}},"20":{"start":{"line":3,"column":44},"end":{"line":3,"column":74}},"21":{"start":{"line":4,"column":0},"end":{"line":4,"column":20}},"22":{"start":{"line":7,"column":22},"end":{"line":7,"column":49}},"23":{"start":{"line":10,"column":17},"end":{"line":10,"column":50}},"24":{"start":{"line":10,"column":69},"end":{"line":10,"column":103}},"25":{"start":{"line":11,"column":21},"end":{"line":11,"column":58}},"26":{"start":{"line":11,"column":81},"end":{"line":11,"column":119}},"27":{"start":{"line":12,"column":16},"end":{"line":12,"column":49}},"28":{"start":{"line":12,"column":67},"end":{"line":12,"column":100}},"29":{"start":{"line":12,"column":139},"end":{"line":12,"column":193}},"30":{"start":{"line":12,"column":243},"end":{"line":12,"column":342}},"31":{"start":{"line":12,"column":284},"end":{"line":12,"column":341}},"32":{"start":{"line":12,"column":392},"end":{"line":12,"column":491}},"33":{"start":{"line":12,"column":404},"end":{"line":12,"column":490}},"34":{"start":{"line":12,"column":491},"end":{"line":12,"column":577}},"35":{"start":{"line":12,"column":620},"end":{"line":12,"column":783}},"36":{"start":{"line":12,"column":682},"end":{"line":12,"column":782}},"37":{"start":{"line":12,"column":783},"end":{"line":12,"column":947}},"38":{"start":{"line":12,"column":947},"end":{"line":12,"column":1065}},"39":{"start":{"line":12,"column":963},"end":{"line":12,"column":1065}},"40":{"start":{"line":14,"column":10},"end":{"line":51,"column":49}},"41":{"start":{"line":14,"column":39},"end":{"line":14,"column":72}},"42":{"start":{"line":15,"column":18},"end":{"line":15,"column":45}},"43":{"start":{"line":15,"column":57},"end":{"line":15,"column":147}},"44":{"start":{"line":17,"column":4},"end":{"line":20,"column":20}},"45":{"start":{"line":20,"column":20},"end":{"line":20,"column":33}},"46":{"start":{"line":22,"column":3},"end":{"line":51,"column":10}},"47":{"start":{"line":24,"column":6},"end":{"line":24,"column":41}},"48":{"start":{"line":27,"column":18},"end":{"line":27,"column":22}},"49":{"start":{"line":28,"column":18},"end":{"line":28,"column":34}},"50":{"start":{"line":29,"column":6},"end":{"line":32,"column":9}},"51":{"start":{"line":30,"column":8},"end":{"line":30,"column":24}},"52":{"start":{"line":30,"column":49},"end":{"line":30,"column":71}},"53":{"start":{"line":30,"column":82},"end":{"line":30,"column":111}},"54":{"start":{"line":30,"column":120},"end":{"line":30,"column":147}},"55":{"start":{"line":30,"column":158},"end":{"line":30,"column":186}},"56":{"start":{"line":31,"column":8},"end":{"line":31,"column":78}},"57":{"start":{"line":36,"column":6},"end":{"line":36,"column":25}},"58":{"start":{"line":39,"column":18},"end":{"line":39,"column":22}},"59":{"start":{"line":40,"column":6},"end":{"line":40,"column":16}},"60":{"start":{"line":40,"column":25},"end":{"line":40,"column":37}},"61":{"start":{"line":40,"column":48},"end":{"line":40,"column":62}},"62":{"start":{"line":40,"column":73},"end":{"line":40,"column":87}},"63":{"start":{"line":41,"column":19},"end":{"line":41,"column":121}},"64":{"start":{"line":42,"column":6},"end":{"line":48,"column":82}},"65":{"start":{"line":46,"column":81},"end":{"line":46,"column":165}},"66":{"start":{"line":51,"column":10},"end":{"line":51,"column":21}},"67":{"start":{"line":51,"column":50},"end":{"line":51,"column":72}},"68":{"start":{"line":54,"column":0},"end":{"line":55,"column":38}}},"fnMap":{"0":{"name":"(anonymous_0)","decl":{"start":{"line":1,"column":94},"end":{"line":1,"column":95}},"loc":{"start":{"line":1,"column":106},"end":{"line":1,"column":621}},"line":1},"1":{"name":"defineProperties","decl":{"start":{"line":1,"column":116},"end":{"line":1,"column":132}},"loc":{"start":{"line":1,"column":148},"end":{"line":1,"column":415}},"line":1},"2":{"name":"(anonymous_2)","decl":{"start":{"line":1,"column":422},"end":{"line":1,"column":423}},"loc":{"start":{"line":1,"column":470},"end":{"line":1,"column":619}},"line":1},"3":{"name":"_interopRequireDefault","decl":{"start":{"line":12,"column":110},"end":{"line":12,"column":132}},"loc":{"start":{"line":12,"column":138},"end":{"line":12,"column":194}},"line":12},"4":{"name":"_classCallCheck","decl":{"start":{"line":12,"column":203},"end":{"line":12,"column":218}},"loc":{"start":{"line":12,"column":242},"end":{"line":12,"column":343}},"line":12},"5":{"name":"_possibleConstructorReturn","decl":{"start":{"line":12,"column":352},"end":{"line":12,"column":378}},"loc":{"start":{"line":12,"column":391},"end":{"line":12,"column":578}},"line":12},"6":{"name":"_inherits","decl":{"start":{"line":12,"column":587},"end":{"line":12,"column":596}},"loc":{"start":{"line":12,"column":619},"end":{"line":12,"column":1066}},"line":12},"7":{"name":"(anonymous_7)","decl":{"start":{"line":14,"column":10},"end":{"line":14,"column":11}},"loc":{"start":{"line":14,"column":38},"end":{"line":51,"column":22}},"line":14},"8":{"name":"App","decl":{"start":{"line":15,"column":11},"end":{"line":15,"column":14}},"loc":{"start":{"line":15,"column":17},"end":{"line":22,"column":3}},"line":15},"9":{"name":"getChildContext","decl":{"start":{"line":22,"column":64},"end":{"line":22,"column":79}},"loc":{"start":{"line":23,"column":4},"end":{"line":25,"column":5}},"line":23},"10":{"name":"componentDidMount","decl":{"start":{"line":25,"column":53},"end":{"line":25,"column":70}},"loc":{"start":{"line":27,"column":4},"end":{"line":33,"column":5}},"line":27},"11":{"name":"(anonymous_11)","decl":{"start":{"line":29,"column":41},"end":{"line":29,"column":42}},"loc":{"start":{"line":29,"column":53},"end":{"line":32,"column":7}},"line":29},"12":{"name":"componentWillUnmount","decl":{"start":{"line":33,"column":56},"end":{"line":33,"column":76}},"loc":{"start":{"line":35,"column":4},"end":{"line":37,"column":5}},"line":35},"13":{"name":"render","decl":{"start":{"line":37,"column":42},"end":{"line":37,"column":48}},"loc":{"start":{"line":39,"column":4},"end":{"line":51,"column":5}},"line":39},"14":{"name":"onClick","decl":{"start":{"line":46,"column":70},"end":{"line":46,"column":77}},"loc":{"start":{"line":46,"column":80},"end":{"line":46,"column":166}},"line":46}},"branchMap":{"0":{"loc":{"start":{"line":1,"column":239},"end":{"line":1,"column":269}},"type":"binary-expr","locations":[{"start":{"line":1,"column":239},"end":{"line":1,"column":260}},{"start":{"line":1,"column":264},"end":{"line":1,"column":269}}],"line":1},"1":{"loc":{"start":{"line":1,"column":301},"end":{"line":1,"column":355}},"type":"if","locations":[{"start":{"line":1,"column":301},"end":{"line":1,"column":355}},{"start":{"line":1,"column":301},"end":{"line":1,"column":355}}],"line":1},"2":{"loc":{"start":{"line":1,"column":471},"end":{"line":1,"column":539}},"type":"if","locations":[{"start":{"line":1,"column":471},"end":{"line":1,"column":539}},{"start":{"line":1,"column":471},"end":{"line":1,"column":539}}],"line":1},"3":{"loc":{"start":{"line":1,"column":539},"end":{"line":1,"column":599}},"type":"if","locations":[{"start":{"line":1,"column":539},"end":{"line":1,"column":599}},{"start":{"line":1,"column":539},"end":{"line":1,"column":599}}],"line":1},"4":{"loc":{"start":{"line":12,"column":146},"end":{"line":12,"column":192}},"type":"cond-expr","locations":[{"start":{"line":12,"column":170},"end":{"line":12,"column":173}},{"start":{"line":12,"column":176},"end":{"line":12,"column":192}}],"line":12},"5":{"loc":{"start":{"line":12,"column":146},"end":{"line":12,"column":167}},"type":"binary-expr","locations":[{"start":{"line":12,"column":146},"end":{"line":12,"column":149}},{"start":{"line":12,"column":153},"end":{"line":12,"column":167}}],"line":12},"6":{"loc":{"start":{"line":12,"column":243},"end":{"line":12,"column":342}},"type":"if","locations":[{"start":{"line":12,"column":243},"end":{"line":12,"column":342}},{"start":{"line":12,"column":243},"end":{"line":12,"column":342}}],"line":12},"7":{"loc":{"start":{"line":12,"column":392},"end":{"line":12,"column":491}},"type":"if","locations":[{"start":{"line":12,"column":392},"end":{"line":12,"column":491}},{"start":{"line":12,"column":392},"end":{"line":12,"column":491}}],"line":12},"8":{"loc":{"start":{"line":12,"column":498},"end":{"line":12,"column":576}},"type":"cond-expr","locations":[{"start":{"line":12,"column":565},"end":{"line":12,"column":569}},{"start":{"line":12,"column":572},"end":{"line":12,"column":576}}],"line":12},"9":{"loc":{"start":{"line":12,"column":498},"end":{"line":12,"column":562}},"type":"binary-expr","locations":[{"start":{"line":12,"column":498},"end":{"line":12,"column":502}},{"start":{"line":12,"column":507},"end":{"line":12,"column":531}},{"start":{"line":12,"column":535},"end":{"line":12,"column":561}}],"line":12},"10":{"loc":{"start":{"line":12,"column":620},"end":{"line":12,"column":783}},"type":"if","locations":[{"start":{"line":12,"column":620},"end":{"line":12,"column":783}},{"start":{"line":12,"column":620},"end":{"line":12,"column":783}}],"line":12},"11":{"loc":{"start":{"line":12,"column":624},"end":{"line":12,"column":679}},"type":"binary-expr","locations":[{"start":{"line":12,"column":624},"end":{"line":12,"column":656}},{"start":{"line":12,"column":660},"end":{"line":12,"column":679}}],"line":12},"12":{"loc":{"start":{"line":12,"column":818},"end":{"line":12,"column":852}},"type":"binary-expr","locations":[{"start":{"line":12,"column":818},"end":{"line":12,"column":828}},{"start":{"line":12,"column":832},"end":{"line":12,"column":852}}],"line":12},"13":{"loc":{"start":{"line":12,"column":947},"end":{"line":12,"column":1065}},"type":"if","locations":[{"start":{"line":12,"column":947},"end":{"line":12,"column":1065}},{"start":{"line":12,"column":947},"end":{"line":12,"column":1065}}],"line":12},"14":{"loc":{"start":{"line":12,"column":963},"end":{"line":12,"column":1064}},"type":"cond-expr","locations":[{"start":{"line":12,"column":987},"end":{"line":12,"column":1030}},{"start":{"line":12,"column":1033},"end":{"line":12,"column":1064}}],"line":12},"15":{"loc":{"start":{"line":15,"column":91},"end":{"line":15,"column":134}},"type":"binary-expr","locations":[{"start":{"line":15,"column":91},"end":{"line":15,"column":104}},{"start":{"line":15,"column":108},"end":{"line":15,"column":134}}],"line":15},"16":{"loc":{"start":{"line":41,"column":19},"end":{"line":41,"column":121}},"type":"cond-expr","locations":[{"start":{"line":41,"column":38},"end":{"line":41,"column":114}},{"start":{"line":41,"column":117},"end":{"line":41,"column":121}}],"line":41}},"s":{"0":0,"1":0,"2":0,"3":0,"4":0,"5":0,"6":0,"7":0,"8":0,"9":0,"10":0,"11":0,"12":0,"13":0,"14":0,"15":0,"16":0,"17":0,"18":0,"19":0,"20":0,"21":0,"22":0,"23":0,"24":0,"25":0,"26":0,"27":0,"28":0,"29":0,"30":0,"31":0,"32":0,"33":0,"34":0,"35":0,"36":0,"37":0,"38":0,"39":0,"40":0,"41":0,"42":0,"43":0,"44":0,"45":0,"46":0,"47":0,"48":0,"49":0,"50":0,"51":0,"52":0,"53":0,"54":0,"55":0,"56":0,"57":0,"58":0,"59":0,"60":0,"61":0,"62":0,"63":0,"64":0,"65":0,"66":0,"67":0,"68":0},"f":{"0":0,"1":0,"2":0,"3":0,"4":0,"5":0,"6":0,"7":0,"8":0,"9":0,"10":0,"11":0,"12":0,"13":0,"14":0},"b":{"0":[0,0],"1":[0,0],"2":[0,0],"3":[0,0],"4":[0,0],"5":[0,0],"6":[0,0],"7":[0,0],"8":[0,0],"9":[0,0,0],"10":[0,0],"11":[0,0],"12":[0,0],"13":[0,0],"14":[0,0],"15":[0,0],"16":[0,0]}}
,"/Users/bstephens/projects/someapp/src/index.js": {"path":"/Users/bstephens/projects/someapp/src/index.js","statementMap":{"0":{"start":{"line":1,"column":26},"end":{"line":1,"column":42}},"1":{"start":{"line":1,"column":57},"end":{"line":1,"column":87}},"2":{"start":{"line":2,"column":16},"end":{"line":2,"column":36}},"3":{"start":{"line":2,"column":54},"end":{"line":2,"column":87}},"4":{"start":{"line":3,"column":11},"end":{"line":3,"column":27}},"5":{"start":{"line":3,"column":40},"end":{"line":3,"column":68}},"6":{"start":{"line":4,"column":16},"end":{"line":4,"column":43}},"7":{"start":{"line":4,"column":61},"end":{"line":4,"column":94}},"8":{"start":{"line":4,"column":133},"end":{"line":4,"column":187}},"9":{"start":{"line":6,"column":19},"end":{"line":6,"column":49}},"10":{"start":{"line":7,"column":0},"end":{"line":7,"column":117}}},"fnMap":{"0":{"name":"_interopRequireDefault","decl":{"start":{"line":4,"column":104},"end":{"line":4,"column":126}},"loc":{"start":{"line":4,"column":132},"end":{"line":4,"column":188}},"line":4}},"branchMap":{"0":{"loc":{"start":{"line":4,"column":140},"end":{"line":4,"column":186}},"type":"cond-expr","locations":[{"start":{"line":4,"column":164},"end":{"line":4,"column":167}},{"start":{"line":4,"column":170},"end":{"line":4,"column":186}}],"line":4},"1":{"loc":{"start":{"line":4,"column":140},"end":{"line":4,"column":161}},"type":"binary-expr","locations":[{"start":{"line":4,"column":140},"end":{"line":4,"column":143}},{"start":{"line":4,"column":147},"end":{"line":4,"column":161}}],"line":4}},"s":{"0":0,"1":0,"2":0,"3":0,"4":0,"5":0,"6":0,"7":0,"8":0,"9":0,"10":0},"f":{"0":0},"b":{"0":[0,0],"1":[0,0]}}
,"/Users/bstephens/projects/someapp/src/styles.js": {"path":"/Users/bstephens/projects/someapp/src/styles.js","statementMap":{"0":{"start":{"line":1,"column":35},"end":{"line":1,"column":633}},"1":{"start":{"line":2,"column":24},"end":{"line":2,"column":52}},"2":{"start":{"line":2,"column":100},"end":{"line":2,"column":195}},"3":{"start":{"line":4,"column":0},"end":{"line":4,"column":53}}},"fnMap":{"0":{"name":"_taggedTemplateLiteral","decl":{"start":{"line":2,"column":62},"end":{"line":2,"column":84}},"loc":{"start":{"line":2,"column":99},"end":{"line":2,"column":196}},"line":2}},"branchMap":{},"s":{"0":0,"1":0,"2":0,"3":0},"f":{"0":0},"b":{}}
,"/Users/bstephens/projects/someapp/src/actionCreators/index.js": {"path":"/Users/bstephens/projects/someapp/src/actionCreators/index.js","statementMap":{"0":{"start":{"line":1,"column":13},"end":{"line":1,"column":75}},"1":{"start":{"line":1,"column":75},"end":{"line":1,"column":190}},"2":{"start":{"line":1,"column":204},"end":{"line":1,"column":231}},"3":{"start":{"line":2,"column":12},"end":{"line":2,"column":37}},"4":{"start":{"line":2,"column":38},"end":{"line":5,"column":48}},"5":{"start":{"line":5,"column":48},"end":{"line":6,"column":36}},"6":{"start":{"line":6,"column":36},"end":{"line":7,"column":34}},"7":{"start":{"line":7,"column":34},"end":{"line":8,"column":48}}},"fnMap":{},"branchMap":{},"s":{"0":0,"1":0,"2":0,"3":0,"4":0,"5":0,"6":0,"7":0},"f":{},"b":{}}
,"/Users/bstephens/projects/someapp/src/actionCreators/news.actions.js": {"path":"/Users/bstephens/projects/someapp/src/actionCreators/news.actions.js","statementMap":{"0":{"start":{"line":1,"column":13},"end":{"line":1,"column":75}},"1":{"start":{"line":1,"column":75},"end":{"line":3,"column":28}},"2":{"start":{"line":3,"column":28},"end":{"line":10,"column":38}},"3":{"start":{"line":10,"column":38},"end":{"line":17,"column":42}},"4":{"start":{"line":17,"column":42},"end":{"line":25,"column":42}},"5":{"start":{"line":25,"column":55},"end":{"line":25,"column":71}},"6":{"start":{"line":25,"column":86},"end":{"line":25,"column":116}},"7":{"start":{"line":25,"column":155},"end":{"line":25,"column":209}},"8":{"start":{"line":25,"column":241},"end":{"line":25,"column":290}},"9":{"start":{"line":25,"column":326},"end":{"line":25,"column":379}},"10":{"start":{"line":25,"column":419},"end":{"line":25,"column":478}},"11":{"start":{"line":26,"column":45},"end":{"line":26,"column":124}},"12":{"start":{"line":26,"column":125},"end":{"line":36,"column":4}},"13":{"start":{"line":27,"column":4},"end":{"line":27,"column":29}},"14":{"start":{"line":28,"column":4},"end":{"line":35,"column":7}},"15":{"start":{"line":30,"column":20},"end":{"line":30,"column":42}},"16":{"start":{"line":31,"column":6},"end":{"line":31,"column":45}},"17":{"start":{"line":34,"column":6},"end":{"line":34,"column":41}}},"fnMap":{"0":{"name":"_interopRequireDefault","decl":{"start":{"line":25,"column":126},"end":{"line":25,"column":148}},"loc":{"start":{"line":25,"column":154},"end":{"line":25,"column":210}},"line":25},"1":{"name":"fetchStories","decl":{"start":{"line":25,"column":219},"end":{"line":25,"column":231}},"loc":{"start":{"line":25,"column":240},"end":{"line":25,"column":291}},"line":25},"2":{"name":"fetchStoriesError","decl":{"start":{"line":25,"column":300},"end":{"line":25,"column":317}},"loc":{"start":{"line":25,"column":325},"end":{"line":25,"column":380}},"line":25},"3":{"name":"fetchStoriesResults","decl":{"start":{"line":25,"column":389},"end":{"line":25,"column":408}},"loc":{"start":{"line":25,"column":418},"end":{"line":25,"column":479}},"line":25},"4":{"name":"fetchStoriesFromApi","decl":{"start":{"line":26,"column":9},"end":{"line":26,"column":28}},"loc":{"start":{"line":26,"column":31},"end":{"line":37,"column":1}},"line":26},"5":{"name":"(anonymous_5)","decl":{"start":{"line":26,"column":132},"end":{"line":26,"column":133}},"loc":{"start":{"line":26,"column":152},"end":{"line":36,"column":3}},"line":26},"6":{"name":"(anonymous_6)","decl":{"start":{"line":29,"column":9},"end":{"line":29,"column":10}},"loc":{"start":{"line":29,"column":29},"end":{"line":32,"column":5}},"line":29},"7":{"name":"(anonymous_7)","decl":{"start":{"line":33,"column":10},"end":{"line":33,"column":11}},"loc":{"start":{"line":33,"column":27},"end":{"line":35,"column":5}},"line":33}},"branchMap":{"0":{"loc":{"start":{"line":25,"column":162},"end":{"line":25,"column":208}},"type":"cond-expr","locations":[{"start":{"line":25,"column":186},"end":{"line":25,"column":189}},{"start":{"line":25,"column":192},"end":{"line":25,"column":208}}],"line":25},"1":{"loc":{"start":{"line":25,"column":162},"end":{"line":25,"column":183}},"type":"binary-expr","locations":[{"start":{"line":25,"column":162},"end":{"line":25,"column":165}},{"start":{"line":25,"column":169},"end":{"line":25,"column":183}}],"line":25},"2":{"loc":{"start":{"line":26,"column":45},"end":{"line":26,"column":124}},"type":"cond-expr","locations":[{"start":{"line":26,"column":98},"end":{"line":26,"column":110}},{"start":{"line":26,"column":113},"end":{"line":26,"column":124}}],"line":26},"3":{"loc":{"start":{"line":26,"column":45},"end":{"line":26,"column":95}},"type":"binary-expr","locations":[{"start":{"line":26,"column":45},"end":{"line":26,"column":65}},{"start":{"line":26,"column":69},"end":{"line":26,"column":95}}],"line":26}},"s":{"0":0,"1":0,"2":0,"3":0,"4":0,"5":0,"6":0,"7":0,"8":0,"9":0,"10":0,"11":0,"12":0,"13":0,"14":0,"15":0,"16":0,"17":0},"f":{"0":0,"1":0,"2":0,"3":0,"4":0,"5":0,"6":0,"7":0},"b":{"0":[0,0],"1":[0,0],"2":[0,0],"3":[0,0]}}
,"/Users/bstephens/projects/someapp/src/actionCreators/search.actions.js": {"path":"/Users/bstephens/projects/someapp/src/actionCreators/search.actions.js","statementMap":{"0":{"start":{"line":1,"column":13},"end":{"line":1,"column":75}},"1":{"start":{"line":1,"column":75},"end":{"line":3,"column":28}},"2":{"start":{"line":3,"column":28},"end":{"line":10,"column":30}},"3":{"start":{"line":10,"column":30},"end":{"line":17,"column":26}},"4":{"start":{"line":17,"column":26},"end":{"line":25,"column":40}},"5":{"start":{"line":25,"column":53},"end":{"line":25,"column":69}},"6":{"start":{"line":25,"column":84},"end":{"line":25,"column":114}},"7":{"start":{"line":25,"column":153},"end":{"line":25,"column":207}},"8":{"start":{"line":25,"column":238},"end":{"line":25,"column":285}},"9":{"start":{"line":25,"column":319},"end":{"line":25,"column":371}},"10":{"start":{"line":25,"column":401},"end":{"line":25,"column":447}},"11":{"start":{"line":26,"column":36},"end":{"line":38,"column":4}},"12":{"start":{"line":27,"column":4},"end":{"line":27,"column":34}},"13":{"start":{"line":29,"column":4},"end":{"line":37,"column":7}},"14":{"start":{"line":32,"column":28},"end":{"line":32,"column":64}},"15":{"start":{"line":33,"column":37},"end":{"line":33,"column":46}},"16":{"start":{"line":34,"column":6},"end":{"line":34,"column":32}},"17":{"start":{"line":35,"column":17},"end":{"line":35,"column":34}},"18":{"start":{"line":36,"column":6},"end":{"line":36,"column":36}}},"fnMap":{"0":{"name":"_interopRequireDefault","decl":{"start":{"line":25,"column":124},"end":{"line":25,"column":146}},"loc":{"start":{"line":25,"column":152},"end":{"line":25,"column":208}},"line":25},"1":{"name":"submitSearch","decl":{"start":{"line":25,"column":217},"end":{"line":25,"column":229}},"loc":{"start":{"line":25,"column":237},"end":{"line":25,"column":286}},"line":25},"2":{"name":"searchResults","decl":{"start":{"line":25,"column":295},"end":{"line":25,"column":308}},"loc":{"start":{"line":25,"column":318},"end":{"line":25,"column":372}},"line":25},"3":{"name":"searchError","decl":{"start":{"line":25,"column":381},"end":{"line":25,"column":392}},"loc":{"start":{"line":25,"column":400},"end":{"line":25,"column":448}},"line":25},"4":{"name":"fetchSearchFromApi","decl":{"start":{"line":26,"column":9},"end":{"line":26,"column":27}},"loc":{"start":{"line":26,"column":35},"end":{"line":39,"column":1}},"line":26},"5":{"name":"(anonymous_5)","decl":{"start":{"line":26,"column":43},"end":{"line":26,"column":44}},"loc":{"start":{"line":26,"column":63},"end":{"line":38,"column":3}},"line":26},"6":{"name":"(anonymous_6)","decl":{"start":{"line":32,"column":10},"end":{"line":32,"column":11}},"loc":{"start":{"line":32,"column":27},"end":{"line":32,"column":65}},"line":32},"7":{"name":"(anonymous_7)","decl":{"start":{"line":33,"column":9},"end":{"line":33,"column":10}},"loc":{"start":{"line":33,"column":25},"end":{"line":37,"column":5}},"line":33}},"branchMap":{"0":{"loc":{"start":{"line":25,"column":160},"end":{"line":25,"column":206}},"type":"cond-expr","locations":[{"start":{"line":25,"column":184},"end":{"line":25,"column":187}},{"start":{"line":25,"column":190},"end":{"line":25,"column":206}}],"line":25},"1":{"loc":{"start":{"line":25,"column":160},"end":{"line":25,"column":181}},"type":"binary-expr","locations":[{"start":{"line":25,"column":160},"end":{"line":25,"column":163}},{"start":{"line":25,"column":167},"end":{"line":25,"column":181}}],"line":25}},"s":{"0":0,"1":0,"2":0,"3":0,"4":0,"5":0,"6":0,"7":0,"8":0,"9":0,"10":0,"11":0,"12":0,"13":0,"14":0,"15":0,"16":0,"17":0,"18":0},"f":{"0":0,"1":0,"2":0,"3":0,"4":0,"5":0,"6":0,"7":0},"b":{"0":[0,0],"1":[0,0]}}
,"/Users/bstephens/projects/someapp/src/components/SearchBox.js": {"path":"/Users/bstephens/projects/someapp/src/components/SearchBox.js","statementMap":{"0":{"start":{"line":1,"column":13},"end":{"line":1,"column":75}},"1":{"start":{"line":1,"column":94},"end":{"line":1,"column":623}},"2":{"start":{"line":1,"column":149},"end":{"line":1,"column":414}},"3":{"start":{"line":1,"column":206},"end":{"line":1,"column":214}},"4":{"start":{"line":1,"column":215},"end":{"line":1,"column":270}},"5":{"start":{"line":1,"column":270},"end":{"line":1,"column":301}},"6":{"start":{"line":1,"column":301},"end":{"line":1,"column":355}},"7":{"start":{"line":1,"column":328},"end":{"line":1,"column":355}},"8":{"start":{"line":1,"column":355},"end":{"line":1,"column":413}},"9":{"start":{"line":1,"column":415},"end":{"line":1,"column":620}},"10":{"start":{"line":1,"column":471},"end":{"line":1,"column":539}},"11":{"start":{"line":1,"column":487},"end":{"line":1,"column":539}},"12":{"start":{"line":1,"column":539},"end":{"line":1,"column":599}},"13":{"start":{"line":1,"column":556},"end":{"line":1,"column":599}},"14":{"start":{"line":1,"column":599},"end":{"line":1,"column":618}},"15":{"start":{"line":1,"column":637},"end":{"line":1,"column":653}},"16":{"start":{"line":1,"column":668},"end":{"line":1,"column":698}},"17":{"start":{"line":2,"column":22},"end":{"line":2,"column":50}},"18":{"start":{"line":3,"column":13},"end":{"line":3,"column":29}},"19":{"start":{"line":3,"column":44},"end":{"line":3,"column":74}},"20":{"start":{"line":4,"column":17},"end":{"line":4,"column":38}},"21":{"start":{"line":4,"column":57},"end":{"line":4,"column":91}},"22":{"start":{"line":4,"column":130},"end":{"line":4,"column":184}},"23":{"start":{"line":4,"column":234},"end":{"line":4,"column":333}},"24":{"start":{"line":4,"column":275},"end":{"line":4,"column":332}},"25":{"start":{"line":4,"column":383},"end":{"line":4,"column":482}},"26":{"start":{"line":4,"column":395},"end":{"line":4,"column":481}},"27":{"start":{"line":4,"column":482},"end":{"line":4,"column":568}},"28":{"start":{"line":4,"column":611},"end":{"line":4,"column":774}},"29":{"start":{"line":4,"column":673},"end":{"line":4,"column":773}},"30":{"start":{"line":4,"column":774},"end":{"line":4,"column":938}},"31":{"start":{"line":4,"column":938},"end":{"line":4,"column":1056}},"32":{"start":{"line":4,"column":954},"end":{"line":4,"column":1056}},"33":{"start":{"line":6,"column":12},"end":{"line":37,"column":55}},"34":{"start":{"line":6,"column":41},"end":{"line":6,"column":80}},"35":{"start":{"line":7,"column":24},"end":{"line":7,"column":57}},"36":{"start":{"line":7,"column":69},"end":{"line":7,"column":171}},"37":{"start":{"line":9,"column":4},"end":{"line":10,"column":18}},"38":{"start":{"line":13,"column":4},"end":{"line":13,"column":49}},"39":{"start":{"line":13,"column":49},"end":{"line":13,"column":62}},"40":{"start":{"line":14,"column":3},"end":{"line":37,"column":10}},"41":{"start":{"line":16,"column":6},"end":{"line":18,"column":7}},"42":{"start":{"line":17,"column":8},"end":{"line":17,"column":84}},"43":{"start":{"line":22,"column":6},"end":{"line":22,"column":25}},"44":{"start":{"line":23,"column":14},"end":{"line":23,"column":30}},"45":{"start":{"line":25,"column":6},"end":{"line":27,"column":7}},"46":{"start":{"line":26,"column":8},"end":{"line":26,"column":29}},"47":{"start":{"line":29,"column":18},"end":{"line":29,"column":22}},"48":{"start":{"line":30,"column":6},"end":{"line":34,"column":82}},"49":{"start":{"line":31,"column":80},"end":{"line":31,"column":110}},"50":{"start":{"line":33,"column":118},"end":{"line":33,"column":168}},"51":{"start":{"line":37,"column":10},"end":{"line":37,"column":27}},"52":{"start":{"line":37,"column":56},"end":{"line":37,"column":84}},"53":{"start":{"line":40,"column":0},"end":{"line":41,"column":38}}},"fnMap":{"0":{"name":"(anonymous_0)","decl":{"start":{"line":1,"column":94},"end":{"line":1,"column":95}},"loc":{"start":{"line":1,"column":106},"end":{"line":1,"column":621}},"line":1},"1":{"name":"defineProperties","decl":{"start":{"line":1,"column":116},"end":{"line":1,"column":132}},"loc":{"start":{"line":1,"column":148},"end":{"line":1,"column":415}},"line":1},"2":{"name":"(anonymous_2)","decl":{"start":{"line":1,"column":422},"end":{"line":1,"column":423}},"loc":{"start":{"line":1,"column":470},"end":{"line":1,"column":619}},"line":1},"3":{"name":"_interopRequireDefault","decl":{"start":{"line":4,"column":101},"end":{"line":4,"column":123}},"loc":{"start":{"line":4,"column":129},"end":{"line":4,"column":185}},"line":4},"4":{"name":"_classCallCheck","decl":{"start":{"line":4,"column":194},"end":{"line":4,"column":209}},"loc":{"start":{"line":4,"column":233},"end":{"line":4,"column":334}},"line":4},"5":{"name":"_possibleConstructorReturn","decl":{"start":{"line":4,"column":343},"end":{"line":4,"column":369}},"loc":{"start":{"line":4,"column":382},"end":{"line":4,"column":569}},"line":4},"6":{"name":"_inherits","decl":{"start":{"line":4,"column":578},"end":{"line":4,"column":587}},"loc":{"start":{"line":4,"column":610},"end":{"line":4,"column":1057}},"line":4},"7":{"name":"(anonymous_7)","decl":{"start":{"line":6,"column":12},"end":{"line":6,"column":13}},"loc":{"start":{"line":6,"column":40},"end":{"line":37,"column":28}},"line":6},"8":{"name":"SearchBox","decl":{"start":{"line":7,"column":11},"end":{"line":7,"column":20}},"loc":{"start":{"line":7,"column":23},"end":{"line":14,"column":3}},"line":7},"9":{"name":"_doSearch","decl":{"start":{"line":14,"column":64},"end":{"line":14,"column":73}},"loc":{"start":{"line":15,"column":11},"end":{"line":19,"column":5}},"line":15},"10":{"name":"processInput","decl":{"start":{"line":19,"column":48},"end":{"line":19,"column":60}},"loc":{"start":{"line":21,"column":7},"end":{"line":28,"column":5}},"line":21},"11":{"name":"render","decl":{"start":{"line":28,"column":42},"end":{"line":28,"column":48}},"loc":{"start":{"line":29,"column":4},"end":{"line":37,"column":5}},"line":29},"12":{"name":"onSubmit","decl":{"start":{"line":31,"column":67},"end":{"line":31,"column":75}},"loc":{"start":{"line":31,"column":79},"end":{"line":31,"column":111}},"line":31},"13":{"name":"onInput","decl":{"start":{"line":33,"column":106},"end":{"line":33,"column":113}},"loc":{"start":{"line":33,"column":117},"end":{"line":33,"column":169}},"line":33}},"branchMap":{"0":{"loc":{"start":{"line":1,"column":239},"end":{"line":1,"column":269}},"type":"binary-expr","locations":[{"start":{"line":1,"column":239},"end":{"line":1,"column":260}},{"start":{"line":1,"column":264},"end":{"line":1,"column":269}}],"line":1},"1":{"loc":{"start":{"line":1,"column":301},"end":{"line":1,"column":355}},"type":"if","locations":[{"start":{"line":1,"column":301},"end":{"line":1,"column":355}},{"start":{"line":1,"column":301},"end":{"line":1,"column":355}}],"line":1},"2":{"loc":{"start":{"line":1,"column":471},"end":{"line":1,"column":539}},"type":"if","locations":[{"start":{"line":1,"column":471},"end":{"line":1,"column":539}},{"start":{"line":1,"column":471},"end":{"line":1,"column":539}}],"line":1},"3":{"loc":{"start":{"line":1,"column":539},"end":{"line":1,"column":599}},"type":"if","locations":[{"start":{"line":1,"column":539},"end":{"line":1,"column":599}},{"start":{"line":1,"column":539},"end":{"line":1,"column":599}}],"line":1},"4":{"loc":{"start":{"line":4,"column":137},"end":{"line":4,"column":183}},"type":"cond-expr","locations":[{"start":{"line":4,"column":161},"end":{"line":4,"column":164}},{"start":{"line":4,"column":167},"end":{"line":4,"column":183}}],"line":4},"5":{"loc":{"start":{"line":4,"column":137},"end":{"line":4,"column":158}},"type":"binary-expr","locations":[{"start":{"line":4,"column":137},"end":{"line":4,"column":140}},{"start":{"line":4,"column":144},"end":{"line":4,"column":158}}],"line":4},"6":{"loc":{"start":{"line":4,"column":234},"end":{"line":4,"column":333}},"type":"if","locations":[{"start":{"line":4,"column":234},"end":{"line":4,"column":333}},{"start":{"line":4,"column":234},"end":{"line":4,"column":333}}],"line":4},"7":{"loc":{"start":{"line":4,"column":383},"end":{"line":4,"column":482}},"type":"if","locations":[{"start":{"line":4,"column":383},"end":{"line":4,"column":482}},{"start":{"line":4,"column":383},"end":{"line":4,"column":482}}],"line":4},"8":{"loc":{"start":{"line":4,"column":489},"end":{"line":4,"column":567}},"type":"cond-expr","locations":[{"start":{"line":4,"column":556},"end":{"line":4,"column":560}},{"start":{"line":4,"column":563},"end":{"line":4,"column":567}}],"line":4},"9":{"loc":{"start":{"line":4,"column":489},"end":{"line":4,"column":553}},"type":"binary-expr","locations":[{"start":{"line":4,"column":489},"end":{"line":4,"column":493}},{"start":{"line":4,"column":498},"end":{"line":4,"column":522}},{"start":{"line":4,"column":526},"end":{"line":4,"column":552}}],"line":4},"10":{"loc":{"start":{"line":4,"column":611},"end":{"line":4,"column":774}},"type":"if","locations":[{"start":{"line":4,"column":611},"end":{"line":4,"column":774}},{"start":{"line":4,"column":611},"end":{"line":4,"column":774}}],"line":4},"11":{"loc":{"start":{"line":4,"column":615},"end":{"line":4,"column":670}},"type":"binary-expr","locations":[{"start":{"line":4,"column":615},"end":{"line":4,"column":647}},{"start":{"line":4,"column":651},"end":{"line":4,"column":670}}],"line":4},"12":{"loc":{"start":{"line":4,"column":809},"end":{"line":4,"column":843}},"type":"binary-expr","locations":[{"start":{"line":4,"column":809},"end":{"line":4,"column":819}},{"start":{"line":4,"column":823},"end":{"line":4,"column":843}}],"line":4},"13":{"loc":{"start":{"line":4,"column":938},"end":{"line":4,"column":1056}},"type":"if","locations":[{"start":{"line":4,"column":938},"end":{"line":4,"column":1056}},{"start":{"line":4,"column":938},"end":{"line":4,"column":1056}}],"line":4},"14":{"loc":{"start":{"line":4,"column":954},"end":{"line":4,"column":1055}},"type":"cond-expr","locations":[{"start":{"line":4,"column":978},"end":{"line":4,"column":1021}},{"start":{"line":4,"column":1024},"end":{"line":4,"column":1055}}],"line":4},"15":{"loc":{"start":{"line":7,"column":103},"end":{"line":7,"column":158}},"type":"binary-expr","locations":[{"start":{"line":7,"column":103},"end":{"line":7,"column":122}},{"start":{"line":7,"column":126},"end":{"line":7,"column":158}}],"line":7},"16":{"loc":{"start":{"line":16,"column":6},"end":{"line":18,"column":7}},"type":"if","locations":[{"start":{"line":16,"column":6},"end":{"line":18,"column":7}},{"start":{"line":16,"column":6},"end":{"line":18,"column":7}}],"line":16},"17":{"loc":{"start":{"line":25,"column":6},"end":{"line":27,"column":7}},"type":"if","locations":[{"start":{"line":25,"column":6},"end":{"line":27,"column":7}},{"start":{"line":25,"column":6},"end":{"line":27,"column":7}}],"line":25}},"s":{"0":0,"1":0,"2":0,"3":0,"4":0,"5":0,"6":0,"7":0,"8":0,"9":0,"10":0,"11":0,"12":0,"13":0,"14":0,"15":0,"16":0,"17":0,"18":0,"19":0,"20":0,"21":0,"22":0,"23":0,"24":0,"25":0,"26":0,"27":0,"28":0,"29":0,"30":0,"31":0,"32":0,"33":0,"34":0,"35":0,"36":0,"37":0,"38":0,"39":0,"40":0,"41":0,"42":0,"43":0,"44":0,"45":0,"46":0,"47":0,"48":0,"49":0,"50":0,"51":0,"52":0,"53":0},"f":{"0":0,"1":0,"2":0,"3":0,"4":0,"5":0,"6":0,"7":0,"8":0,"9":0,"10":0,"11":0,"12":0,"13":0},"b":{"0":[0,0],"1":[0,0],"2":[0,0],"3":[0,0],"4":[0,0],"5":[0,0],"6":[0,0],"7":[0,0],"8":[0,0],"9":[0,0,0],"10":[0,0],"11":[0,0],"12":[0,0],"13":[0,0],"14":[0,0],"15":[0,0],"16":[0,0],"17":[0,0]}}
,"/Users/bstephens/projects/someapp/src/components/SearchResults.js": {"path":"/Users/bstephens/projects/someapp/src/components/SearchResults.js","statementMap":{"0":{"start":{"line":1,"column":13},"end":{"line":1,"column":75}},"1":{"start":{"line":1,"column":94},"end":{"line":1,"column":623}},"2":{"start":{"line":1,"column":149},"end":{"line":1,"column":414}},"3":{"start":{"line":1,"column":206},"end":{"line":1,"column":214}},"4":{"start":{"line":1,"column":215},"end":{"line":1,"column":270}},"5":{"start":{"line":1,"column":270},"end":{"line":1,"column":301}},"6":{"start":{"line":1,"column":301},"end":{"line":1,"column":355}},"7":{"start":{"line":1,"column":328},"end":{"line":1,"column":355}},"8":{"start":{"line":1,"column":355},"end":{"line":1,"column":413}},"9":{"start":{"line":1,"column":415},"end":{"line":1,"column":620}},"10":{"start":{"line":1,"column":471},"end":{"line":1,"column":539}},"11":{"start":{"line":1,"column":487},"end":{"line":1,"column":539}},"12":{"start":{"line":1,"column":539},"end":{"line":1,"column":599}},"13":{"start":{"line":1,"column":556},"end":{"line":1,"column":599}},"14":{"start":{"line":1,"column":599},"end":{"line":1,"column":618}},"15":{"start":{"line":1,"column":637},"end":{"line":1,"column":653}},"16":{"start":{"line":1,"column":668},"end":{"line":1,"column":698}},"17":{"start":{"line":2,"column":14},"end":{"line":2,"column":57}},"18":{"start":{"line":2,"column":96},"end":{"line":2,"column":150}},"19":{"start":{"line":2,"column":200},"end":{"line":2,"column":299}},"20":{"start":{"line":2,"column":241},"end":{"line":2,"column":298}},"21":{"start":{"line":2,"column":349},"end":{"line":2,"column":448}},"22":{"start":{"line":2,"column":361},"end":{"line":2,"column":447}},"23":{"start":{"line":2,"column":448},"end":{"line":2,"column":534}},"24":{"start":{"line":2,"column":577},"end":{"line":2,"column":740}},"25":{"start":{"line":2,"column":639},"end":{"line":2,"column":739}},"26":{"start":{"line":2,"column":740},"end":{"line":2,"column":904}},"27":{"start":{"line":2,"column":904},"end":{"line":2,"column":1022}},"28":{"start":{"line":2,"column":920},"end":{"line":2,"column":1022}},"29":{"start":{"line":6,"column":15},"end":{"line":17,"column":58}},"30":{"start":{"line":6,"column":44},"end":{"line":6,"column":86}},"31":{"start":{"line":6,"column":111},"end":{"line":6,"column":147}},"32":{"start":{"line":6,"column":147},"end":{"line":6,"column":275}},"33":{"start":{"line":6,"column":276},"end":{"line":17,"column":10}},"34":{"start":{"line":8,"column":22},"end":{"line":10,"column":8}},"35":{"start":{"line":9,"column":8},"end":{"line":9,"column":85}},"36":{"start":{"line":12,"column":6},"end":{"line":14,"column":22}},"37":{"start":{"line":17,"column":10},"end":{"line":17,"column":30}},"38":{"start":{"line":17,"column":59},"end":{"line":17,"column":90}},"39":{"start":{"line":21,"column":2},"end":{"line":21,"column":12}},"40":{"start":{"line":21,"column":20},"end":{"line":21,"column":36}},"41":{"start":{"line":21,"column":49},"end":{"line":21,"column":70}},"42":{"start":{"line":22,"column":2},"end":{"line":25,"column":60}}},"fnMap":{"0":{"name":"(anonymous_0)","decl":{"start":{"line":1,"column":94},"end":{"line":1,"column":95}},"loc":{"start":{"line":1,"column":106},"end":{"line":1,"column":621}},"line":1},"1":{"name":"defineProperties","decl":{"start":{"line":1,"column":116},"end":{"line":1,"column":132}},"loc":{"start":{"line":1,"column":148},"end":{"line":1,"column":415}},"line":1},"2":{"name":"(anonymous_2)","decl":{"start":{"line":1,"column":422},"end":{"line":1,"column":423}},"loc":{"start":{"line":1,"column":470},"end":{"line":1,"column":619}},"line":1},"3":{"name":"_interopRequireDefault","decl":{"start":{"line":2,"column":67},"end":{"line":2,"column":89}},"loc":{"start":{"line":2,"column":95},"end":{"line":2,"column":151}},"line":2},"4":{"name":"_classCallCheck","decl":{"start":{"line":2,"column":160},"end":{"line":2,"column":175}},"loc":{"start":{"line":2,"column":199},"end":{"line":2,"column":300}},"line":2},"5":{"name":"_possibleConstructorReturn","decl":{"start":{"line":2,"column":309},"end":{"line":2,"column":335}},"loc":{"start":{"line":2,"column":348},"end":{"line":2,"column":535}},"line":2},"6":{"name":"_inherits","decl":{"start":{"line":2,"column":544},"end":{"line":2,"column":553}},"loc":{"start":{"line":2,"column":576},"end":{"line":2,"column":1023}},"line":2},"7":{"name":"(anonymous_7)","decl":{"start":{"line":6,"column":15},"end":{"line":6,"column":16}},"loc":{"start":{"line":6,"column":43},"end":{"line":17,"column":31}},"line":6},"8":{"name":"SearchResult","decl":{"start":{"line":6,"column":95},"end":{"line":6,"column":107}},"loc":{"start":{"line":6,"column":110},"end":{"line":6,"column":276}},"line":6},"9":{"name":"render","decl":{"start":{"line":6,"column":337},"end":{"line":6,"column":343}},"loc":{"start":{"line":7,"column":4},"end":{"line":17,"column":5}},"line":7},"10":{"name":"(anonymous_10)","decl":{"start":{"line":8,"column":43},"end":{"line":8,"column":44}},"loc":{"start":{"line":8,"column":66},"end":{"line":10,"column":7}},"line":8},"11":{"name":"ResultItem","decl":{"start":{"line":20,"column":9},"end":{"line":20,"column":19}},"loc":{"start":{"line":20,"column":27},"end":{"line":28,"column":1}},"line":20}},"branchMap":{"0":{"loc":{"start":{"line":1,"column":239},"end":{"line":1,"column":269}},"type":"binary-expr","locations":[{"start":{"line":1,"column":239},"end":{"line":1,"column":260}},{"start":{"line":1,"column":264},"end":{"line":1,"column":269}}],"line":1},"1":{"loc":{"start":{"line":1,"column":301},"end":{"line":1,"column":355}},"type":"if","locations":[{"start":{"line":1,"column":301},"end":{"line":1,"column":355}},{"start":{"line":1,"column":301},"end":{"line":1,"column":355}}],"line":1},"2":{"loc":{"start":{"line":1,"column":471},"end":{"line":1,"column":539}},"type":"if","locations":[{"start":{"line":1,"column":471},"end":{"line":1,"column":539}},{"start":{"line":1,"column":471},"end":{"line":1,"column":539}}],"line":1},"3":{"loc":{"start":{"line":1,"column":539},"end":{"line":1,"column":599}},"type":"if","locations":[{"start":{"line":1,"column":539},"end":{"line":1,"column":599}},{"start":{"line":1,"column":539},"end":{"line":1,"column":599}}],"line":1},"4":{"loc":{"start":{"line":2,"column":103},"end":{"line":2,"column":149}},"type":"cond-expr","locations":[{"start":{"line":2,"column":127},"end":{"line":2,"column":130}},{"start":{"line":2,"column":133},"end":{"line":2,"column":149}}],"line":2},"5":{"loc":{"start":{"line":2,"column":103},"end":{"line":2,"column":124}},"type":"binary-expr","locations":[{"start":{"line":2,"column":103},"end":{"line":2,"column":106}},{"start":{"line":2,"column":110},"end":{"line":2,"column":124}}],"line":2},"6":{"loc":{"start":{"line":2,"column":200},"end":{"line":2,"column":299}},"type":"if","locations":[{"start":{"line":2,"column":200},"end":{"line":2,"column":299}},{"start":{"line":2,"column":200},"end":{"line":2,"column":299}}],"line":2},"7":{"loc":{"start":{"line":2,"column":349},"end":{"line":2,"column":448}},"type":"if","locations":[{"start":{"line":2,"column":349},"end":{"line":2,"column":448}},{"start":{"line":2,"column":349},"end":{"line":2,"column":448}}],"line":2},"8":{"loc":{"start":{"line":2,"column":455},"end":{"line":2,"column":533}},"type":"cond-expr","locations":[{"start":{"line":2,"column":522},"end":{"line":2,"column":526}},{"start":{"line":2,"column":529},"end":{"line":2,"column":533}}],"line":2},"9":{"loc":{"start":{"line":2,"column":455},"end":{"line":2,"column":519}},"type":"binary-expr","locations":[{"start":{"line":2,"column":455},"end":{"line":2,"column":459}},{"start":{"line":2,"column":464},"end":{"line":2,"column":488}},{"start":{"line":2,"column":492},"end":{"line":2,"column":518}}],"line":2},"10":{"loc":{"start":{"line":2,"column":577},"end":{"line":2,"column":740}},"type":"if","locations":[{"start":{"line":2,"column":577},"end":{"line":2,"column":740}},{"start":{"line":2,"column":577},"end":{"line":2,"column":740}}],"line":2},"11":{"loc":{"start":{"line":2,"column":581},"end":{"line":2,"column":636}},"type":"binary-expr","locations":[{"start":{"line":2,"column":581},"end":{"line":2,"column":613}},{"start":{"line":2,"column":617},"end":{"line":2,"column":636}}],"line":2},"12":{"loc":{"start":{"line":2,"column":775},"end":{"line":2,"column":809}},"type":"binary-expr","locations":[{"start":{"line":2,"column":775},"end":{"line":2,"column":785}},{"start":{"line":2,"column":789},"end":{"line":2,"column":809}}],"line":2},"13":{"loc":{"start":{"line":2,"column":904},"end":{"line":2,"column":1022}},"type":"if","locations":[{"start":{"line":2,"column":904},"end":{"line":2,"column":1022}},{"start":{"line":2,"column":904},"end":{"line":2,"column":1022}}],"line":2},"14":{"loc":{"start":{"line":2,"column":920},"end":{"line":2,"column":1021}},"type":"cond-expr","locations":[{"start":{"line":2,"column":944},"end":{"line":2,"column":987}},{"start":{"line":2,"column":990},"end":{"line":2,"column":1021}}],"line":2},"15":{"loc":{"start":{"line":6,"column":188},"end":{"line":6,"column":249}},"type":"binary-expr","locations":[{"start":{"line":6,"column":188},"end":{"line":6,"column":210}},{"start":{"line":6,"column":214},"end":{"line":6,"column":249}}],"line":6}},"s":{"0":0,"1":0,"2":0,"3":0,"4":0,"5":0,"6":0,"7":0,"8":0,"9":0,"10":0,"11":0,"12":0,"13":0,"14":0,"15":0,"16":0,"17":0,"18":0,"19":0,"20":0,"21":0,"22":0,"23":0,"24":0,"25":0,"26":0,"27":0,"28":0,"29":0,"30":0,"31":0,"32":0,"33":0,"34":0,"35":0,"36":0,"37":0,"38":0,"39":0,"40":0,"41":0,"42":0},"f":{"0":0,"1":0,"2":0,"3":0,"4":0,"5":0,"6":0,"7":0,"8":0,"9":0,"10":0,"11":0},"b":{"0":[0,0],"1":[0,0],"2":[0,0],"3":[0,0],"4":[0,0],"5":[0,0],"6":[0,0],"7":[0,0],"8":[0,0],"9":[0,0,0],"10":[0,0],"11":[0,0],"12":[0,0],"13":[0,0],"14":[0,0],"15":[0,0]}}
,"/Users/bstephens/projects/someapp/src/components/NewsFeed/ArticleListItem.js": {"path":"/Users/bstephens/projects/someapp/src/components/NewsFeed/ArticleListItem.js","statementMap":{"0":{"start":{"line":5,"column":38},"end":{"line":5,"column":48}},"1":{"start":{"line":6,"column":2},"end":{"line":12,"column":4}},"2":{"start":{"line":15,"column":20},"end":{"line":35,"column":1}}},"fnMap":{"0":{"name":"ArticleListItem","decl":{"start":{"line":4,"column":24},"end":{"line":4,"column":39}},"loc":{"start":{"line":4,"column":47},"end":{"line":13,"column":1}},"line":4}},"branchMap":{},"s":{"0":10,"1":10,"2":1},"f":{"0":10},"b":{},"_coverageSchema":"332fd63041d2c1bcb487cc26dd0d5f7d97098a6c","hash":"4ff3e1afb15ee74a9759bf4d515b22a464a25f22"}
,"/Users/bstephens/projects/someapp/src/components/NewsFeed/index.js": {"path":"/Users/bstephens/projects/someapp/src/components/NewsFeed/index.js","statementMap":{"0":{"start":{"line":5,"column":20},"end":{"line":8,"column":1}},"1":{"start":{"line":13,"column":21},"end":{"line":15,"column":6}},"2":{"start":{"line":14,"column":6},"end":{"line":14,"column":57}},"3":{"start":{"line":17,"column":4},"end":{"line":21,"column":6}}},"fnMap":{"0":{"name":"(anonymous_0)","decl":{"start":{"line":12,"column":2},"end":{"line":12,"column":3}},"loc":{"start":{"line":12,"column":11},"end":{"line":22,"column":3}},"line":12},"1":{"name":"(anonymous_1)","decl":{"start":{"line":13,"column":42},"end":{"line":13,"column":43}},"loc":{"start":{"line":13,"column":59},"end":{"line":15,"column":5}},"line":13}},"branchMap":{},"s":{"0":1,"1":1,"2":10,"3":1},"f":{"0":1,"1":10},"b":{},"_coverageSchema":"332fd63041d2c1bcb487cc26dd0d5f7d97098a6c","hash":"e696c0e8596b05c839f1521b79e08d6d1bb0cdbf"}
,"/Users/bstephens/projects/someapp/src/reducers/index.js": {"path":"/Users/bstephens/projects/someapp/src/reducers/index.js","statementMap":{"0":{"start":{"line":1,"column":13},"end":{"line":1,"column":75}},"1":{"start":{"line":1,"column":88},"end":{"line":1,"column":104}},"2":{"start":{"line":2,"column":14},"end":{"line":2,"column":42}},"3":{"start":{"line":2,"column":58},"end":{"line":2,"column":89}},"4":{"start":{"line":3,"column":12},"end":{"line":3,"column":38}},"5":{"start":{"line":3,"column":52},"end":{"line":3,"column":81}},"6":{"start":{"line":3,"column":120},"end":{"line":3,"column":174}},"7":{"start":{"line":3,"column":175},"end":{"line":7,"column":26}}},"fnMap":{"0":{"name":"_interopRequireDefault","decl":{"start":{"line":3,"column":91},"end":{"line":3,"column":113}},"loc":{"start":{"line":3,"column":119},"end":{"line":3,"column":175}},"line":3}},"branchMap":{"0":{"loc":{"start":{"line":3,"column":127},"end":{"line":3,"column":173}},"type":"cond-expr","locations":[{"start":{"line":3,"column":151},"end":{"line":3,"column":154}},{"start":{"line":3,"column":157},"end":{"line":3,"column":173}}],"line":3},"1":{"loc":{"start":{"line":3,"column":127},"end":{"line":3,"column":148}},"type":"binary-expr","locations":[{"start":{"line":3,"column":127},"end":{"line":3,"column":130}},{"start":{"line":3,"column":134},"end":{"line":3,"column":148}}],"line":3}},"s":{"0":0,"1":0,"2":0,"3":0,"4":0,"5":0,"6":0,"7":0},"f":{"0":0},"b":{"0":[0,0],"1":[0,0]}}
,"/Users/bstephens/projects/someapp/src/reducers/news.reducers.js": {"path":"/Users/bstephens/projects/someapp/src/reducers/news.reducers.js","statementMap":{"0":{"start":{"line":1,"column":13},"end":{"line":1,"column":75}},"1":{"start":{"line":1,"column":90},"end":{"line":1,"column":321}},"2":{"start":{"line":1,"column":126},"end":{"line":1,"column":306}},"3":{"start":{"line":1,"column":183},"end":{"line":1,"column":195}},"4":{"start":{"line":1,"column":196},"end":{"line":1,"column":305}},"5":{"start":{"line":1,"column":221},"end":{"line":1,"column":304}},"6":{"start":{"line":1,"column":277},"end":{"line":1,"column":303}},"7":{"start":{"line":1,"column":306},"end":{"line":1,"column":320}},"8":{"start":{"line":1,"column":358},"end":{"line":1,"column":428}},"9":{"start":{"line":1,"column":442},"end":{"line":1,"column":454}},"10":{"start":{"line":2,"column":2},"end":{"line":14,"column":20}},"11":{"start":{"line":4,"column":6},"end":{"line":4,"column":12}},"12":{"start":{"line":6,"column":6},"end":{"line":6,"column":12}},"13":{"start":{"line":8,"column":6},"end":{"line":10,"column":35}},"14":{"start":{"line":12,"column":6},"end":{"line":12,"column":12}},"15":{"start":{"line":14,"column":6},"end":{"line":14,"column":19}},"16":{"start":{"line":16,"column":1},"end":{"line":18,"column":12}}},"fnMap":{"0":{"name":"(anonymous_0)","decl":{"start":{"line":1,"column":107},"end":{"line":1,"column":108}},"loc":{"start":{"line":1,"column":125},"end":{"line":1,"column":321}},"line":1},"1":{"name":"newsReducer","decl":{"start":{"line":1,"column":331},"end":{"line":1,"column":342}},"loc":{"start":{"line":1,"column":345},"end":{"line":16,"column":1}},"line":1}},"branchMap":{"0":{"loc":{"start":{"line":1,"column":90},"end":{"line":1,"column":321}},"type":"binary-expr","locations":[{"start":{"line":1,"column":90},"end":{"line":1,"column":103}},{"start":{"line":1,"column":107},"end":{"line":1,"column":321}}],"line":1},"1":{"loc":{"start":{"line":1,"column":221},"end":{"line":1,"column":304}},"type":"if","locations":[{"start":{"line":1,"column":221},"end":{"line":1,"column":304}},{"start":{"line":1,"column":221},"end":{"line":1,"column":304}}],"line":1},"2":{"loc":{"start":{"line":1,"column":358},"end":{"line":1,"column":428}},"type":"cond-expr","locations":[{"start":{"line":1,"column":411},"end":{"line":1,"column":423}},{"start":{"line":1,"column":426},"end":{"line":1,"column":428}}],"line":1},"3":{"loc":{"start":{"line":1,"column":358},"end":{"line":1,"column":408}},"type":"binary-expr","locations":[{"start":{"line":1,"column":358},"end":{"line":1,"column":378}},{"start":{"line":1,"column":382},"end":{"line":1,"column":408}}],"line":1},"4":{"loc":{"start":{"line":2,"column":2},"end":{"line":14,"column":20}},"type":"switch","locations":[{"start":{"line":3,"column":4},"end":{"line":4,"column":12}},{"start":{"line":5,"column":4},"end":{"line":6,"column":12}},{"start":{"line":7,"column":4},"end":{"line":12,"column":12}},{"start":{"line":13,"column":4},"end":{"line":14,"column":19}}],"line":2}},"s":{"0":0,"1":0,"2":0,"3":0,"4":0,"5":0,"6":0,"7":0,"8":0,"9":0,"10":0,"11":0,"12":0,"13":0,"14":0,"15":0,"16":0},"f":{"0":0,"1":0},"b":{"0":[0,0],"1":[0,0],"2":[0,0],"3":[0,0],"4":[0,0,0,0]}}
,"/Users/bstephens/projects/someapp/src/reducers/search.reducers.js": {"path":"/Users/bstephens/projects/someapp/src/reducers/search.reducers.js","statementMap":{"0":{"start":{"line":1,"column":13},"end":{"line":1,"column":75}},"1":{"start":{"line":1,"column":90},"end":{"line":1,"column":321}},"2":{"start":{"line":1,"column":126},"end":{"line":1,"column":306}},"3":{"start":{"line":1,"column":183},"end":{"line":1,"column":195}},"4":{"start":{"line":1,"column":196},"end":{"line":1,"column":305}},"5":{"start":{"line":1,"column":221},"end":{"line":1,"column":304}},"6":{"start":{"line":1,"column":277},"end":{"line":1,"column":303}},"7":{"start":{"line":1,"column":306},"end":{"line":1,"column":320}},"8":{"start":{"line":1,"column":360},"end":{"line":1,"column":430}},"9":{"start":{"line":1,"column":444},"end":{"line":1,"column":456}},"10":{"start":{"line":2,"column":13},"end":{"line":2,"column":24}},"11":{"start":{"line":3,"column":2},"end":{"line":23,"column":20}},"12":{"start":{"line":5,"column":6},"end":{"line":7,"column":31}},"13":{"start":{"line":9,"column":6},"end":{"line":9,"column":12}},"14":{"start":{"line":11,"column":6},"end":{"line":13,"column":35}},"15":{"start":{"line":15,"column":6},"end":{"line":15,"column":12}},"16":{"start":{"line":17,"column":6},"end":{"line":19,"column":31}},"17":{"start":{"line":21,"column":6},"end":{"line":21,"column":12}},"18":{"start":{"line":23,"column":6},"end":{"line":23,"column":19}},"19":{"start":{"line":25,"column":1},"end":{"line":27,"column":14}}},"fnMap":{"0":{"name":"(anonymous_0)","decl":{"start":{"line":1,"column":107},"end":{"line":1,"column":108}},"loc":{"start":{"line":1,"column":125},"end":{"line":1,"column":321}},"line":1},"1":{"name":"searchReducer","decl":{"start":{"line":1,"column":331},"end":{"line":1,"column":344}},"loc":{"start":{"line":1,"column":347},"end":{"line":25,"column":1}},"line":1}},"branchMap":{"0":{"loc":{"start":{"line":1,"column":90},"end":{"line":1,"column":321}},"type":"binary-expr","locations":[{"start":{"line":1,"column":90},"end":{"line":1,"column":103}},{"start":{"line":1,"column":107},"end":{"line":1,"column":321}}],"line":1},"1":{"loc":{"start":{"line":1,"column":221},"end":{"line":1,"column":304}},"type":"if","locations":[{"start":{"line":1,"column":221},"end":{"line":1,"column":304}},{"start":{"line":1,"column":221},"end":{"line":1,"column":304}}],"line":1},"2":{"loc":{"start":{"line":1,"column":360},"end":{"line":1,"column":430}},"type":"cond-expr","locations":[{"start":{"line":1,"column":413},"end":{"line":1,"column":425}},{"start":{"line":1,"column":428},"end":{"line":1,"column":430}}],"line":1},"3":{"loc":{"start":{"line":1,"column":360},"end":{"line":1,"column":410}},"type":"binary-expr","locations":[{"start":{"line":1,"column":360},"end":{"line":1,"column":380}},{"start":{"line":1,"column":384},"end":{"line":1,"column":410}}],"line":1},"4":{"loc":{"start":{"line":3,"column":2},"end":{"line":23,"column":20}},"type":"switch","locations":[{"start":{"line":4,"column":4},"end":{"line":9,"column":12}},{"start":{"line":10,"column":4},"end":{"line":15,"column":12}},{"start":{"line":16,"column":4},"end":{"line":21,"column":12}},{"start":{"line":22,"column":4},"end":{"line":23,"column":19}}],"line":3}},"s":{"0":0,"1":0,"2":0,"3":0,"4":0,"5":0,"6":0,"7":0,"8":0,"9":0,"10":0,"11":0,"12":0,"13":0,"14":0,"15":0,"16":0,"17":0,"18":0,"19":0},"f":{"0":0,"1":0},"b":{"0":[0,0],"1":[0,0],"2":[0,0],"3":[0,0],"4":[0,0,0,0]}}
,"/Users/bstephens/projects/someapp/src/state/appStore.js": {"path":"/Users/bstephens/projects/someapp/src/state/appStore.js","statementMap":{"0":{"start":{"line":1,"column":13},"end":{"line":1,"column":75}},"1":{"start":{"line":1,"column":88},"end":{"line":1,"column":104}},"2":{"start":{"line":2,"column":18},"end":{"line":2,"column":40}},"3":{"start":{"line":2,"column":60},"end":{"line":2,"column":95}},"4":{"start":{"line":3,"column":30},"end":{"line":3,"column":65}},"5":{"start":{"line":4,"column":16},"end":{"line":4,"column":38}},"6":{"start":{"line":4,"column":56},"end":{"line":4,"column":89}},"7":{"start":{"line":5,"column":20},"end":{"line":5,"column":45}},"8":{"start":{"line":5,"column":67},"end":{"line":5,"column":104}},"9":{"start":{"line":5,"column":143},"end":{"line":5,"column":197}},"10":{"start":{"line":7,"column":23},"end":{"line":7,"column":117}},"11":{"start":{"line":9,"column":16},"end":{"line":9,"column":83}},"12":{"start":{"line":12,"column":15},"end":{"line":12,"column":93}},"13":{"start":{"line":12,"column":94},"end":{"line":14,"column":9}}},"fnMap":{"0":{"name":"_interopRequireDefault","decl":{"start":{"line":5,"column":114},"end":{"line":5,"column":136}},"loc":{"start":{"line":5,"column":142},"end":{"line":5,"column":198}},"line":5}},"branchMap":{"0":{"loc":{"start":{"line":5,"column":150},"end":{"line":5,"column":196}},"type":"cond-expr","locations":[{"start":{"line":5,"column":174},"end":{"line":5,"column":177}},{"start":{"line":5,"column":180},"end":{"line":5,"column":196}}],"line":5},"1":{"loc":{"start":{"line":5,"column":150},"end":{"line":5,"column":171}},"type":"binary-expr","locations":[{"start":{"line":5,"column":150},"end":{"line":5,"column":153}},{"start":{"line":5,"column":157},"end":{"line":5,"column":171}}],"line":5}},"s":{"0":0,"1":0,"2":0,"3":0,"4":0,"5":0,"6":0,"7":0,"8":0,"9":0,"10":0,"11":0,"12":0,"13":0},"f":{"0":0},"b":{"0":[0,0],"1":[0,0]}}
,"/Users/bstephens/projects/someapp/src/state/initialState.js": {"path":"/Users/bstephens/projects/someapp/src/state/initialState.js","statementMap":{"0":{"start":{"line":1,"column":13},"end":{"line":10,"column":35}}},"fnMap":{},"branchMap":{},"s":{"0":0},"f":{},"b":{}}
}
