TN:
SF:/Users/bstephens/projects/someapp/src/app.js
FN:1,(anonymous_0)
FN:1,defineProperties
FN:1,(anonymous_2)
FN:12,_interopRequireDefault
FN:12,_classCallCheck
FN:12,_possibleConstructorReturn
FN:12,_inherits
FN:14,(anonymous_7)
FN:15,App
FN:22,getChildContext
FN:25,componentDidMount
FN:29,(anonymous_11)
FN:33,componentWillUnmount
FN:37,render
FN:46,onClick
FNF:15
FNH:0
FNDA:0,(anonymous_0)
FNDA:0,defineProperties
FNDA:0,(anonymous_2)
FNDA:0,_interopRequireDefault
FNDA:0,_classCallCheck
FNDA:0,_possibleConstructorReturn
FNDA:0,_inherits
FNDA:0,(anonymous_7)
FNDA:0,App
FNDA:0,getChildContext
FNDA:0,componentDidMount
FNDA:0,(anonymous_11)
FNDA:0,componentWillUnmount
FNDA:0,render
FNDA:0,onClick
DA:1,0
DA:2,0
DA:3,0
DA:4,0
DA:7,0
DA:10,0
DA:11,0
DA:12,0
DA:14,0
DA:15,0
DA:17,0
DA:20,0
DA:22,0
DA:24,0
DA:27,0
DA:28,0
DA:29,0
DA:30,0
DA:31,0
DA:36,0
DA:39,0
DA:40,0
DA:41,0
DA:42,0
DA:46,0
DA:51,0
DA:54,0
LF:27
LH:0
BRDA:1,0,0,0
BRDA:1,0,1,0
BRDA:1,1,0,0
BRDA:1,1,1,0
BRDA:1,2,0,0
BRDA:1,2,1,0
BRDA:1,3,0,0
BRDA:1,3,1,0
BRDA:12,4,0,0
BRDA:12,4,1,0
BRDA:12,5,0,0
BRDA:12,5,1,0
BRDA:12,6,0,0
BRDA:12,6,1,0
BRDA:12,7,0,0
BRDA:12,7,1,0
BRDA:12,8,0,0
BRDA:12,8,1,0
BRDA:12,9,0,0
BRDA:12,9,1,0
BRDA:12,9,2,0
BRDA:12,10,0,0
BRDA:12,10,1,0
BRDA:12,11,0,0
BRDA:12,11,1,0
BRDA:12,12,0,0
BRDA:12,12,1,0
BRDA:12,13,0,0
BRDA:12,13,1,0
BRDA:12,14,0,0
BRDA:12,14,1,0
BRDA:15,15,0,0
BRDA:15,15,1,0
BRDA:41,16,0,0
BRDA:41,16,1,0
BRF:35
BRH:0
end_of_record
TN:
SF:/Users/bstephens/projects/someapp/src/index.js
FN:4,_interopRequireDefault
FNF:1
FNH:0
FNDA:0,_interopRequireDefault
DA:1,0
DA:2,0
DA:3,0
DA:4,0
DA:6,0
DA:7,0
LF:6
LH:0
BRDA:4,0,0,0
BRDA:4,0,1,0
BRDA:4,1,0,0
BRDA:4,1,1,0
BRF:4
BRH:0
end_of_record
TN:
SF:/Users/bstephens/projects/someapp/src/styles.js
FN:2,_taggedTemplateLiteral
FNF:1
FNH:0
FNDA:0,_taggedTemplateLiteral
DA:1,0
DA:2,0
DA:4,0
LF:3
LH:0
BRF:0
BRH:0
end_of_record
TN:
SF:/Users/bstephens/projects/someapp/src/actionCreators/index.js
FNF:0
FNH:0
DA:1,0
DA:2,0
DA:5,0
DA:6,0
DA:7,0
LF:5
LH:0
BRF:0
BRH:0
end_of_record
TN:
SF:/Users/bstephens/projects/someapp/src/actionCreators/news.actions.js
FN:25,_interopRequireDefault
FN:25,fetchStories
FN:25,fetchStoriesError
FN:25,fetchStoriesResults
FN:26,fetchStoriesFromApi
FN:26,(anonymous_5)
FN:29,(anonymous_6)
FN:33,(anonymous_7)
FNF:8
FNH:0
FNDA:0,_interopRequireDefault
FNDA:0,fetchStories
FNDA:0,fetchStoriesError
FNDA:0,fetchStoriesResults
FNDA:0,fetchStoriesFromApi
FNDA:0,(anonymous_5)
FNDA:0,(anonymous_6)
FNDA:0,(anonymous_7)
DA:1,0
DA:3,0
DA:10,0
DA:17,0
DA:25,0
DA:26,0
DA:27,0
DA:28,0
DA:30,0
DA:31,0
DA:34,0
LF:11
LH:0
BRDA:25,0,0,0
BRDA:25,0,1,0
BRDA:25,1,0,0
BRDA:25,1,1,0
BRDA:26,2,0,0
BRDA:26,2,1,0
BRDA:26,3,0,0
BRDA:26,3,1,0
BRF:8
BRH:0
end_of_record
TN:
SF:/Users/bstephens/projects/someapp/src/actionCreators/search.actions.js
FN:25,_interopRequireDefault
FN:25,submitSearch
FN:25,searchResults
FN:25,searchError
FN:26,fetchSearchFromApi
FN:26,(anonymous_5)
FN:32,(anonymous_6)
FN:33,(anonymous_7)
FNF:8
FNH:0
FNDA:0,_interopRequireDefault
FNDA:0,submitSearch
FNDA:0,searchResults
FNDA:0,searchError
FNDA:0,fetchSearchFromApi
FNDA:0,(anonymous_5)
FNDA:0,(anonymous_6)
FNDA:0,(anonymous_7)
DA:1,0
DA:3,0
DA:10,0
DA:17,0
DA:25,0
DA:26,0
DA:27,0
DA:29,0
DA:32,0
DA:33,0
DA:34,0
DA:35,0
DA:36,0
LF:13
LH:0
BRDA:25,0,0,0
BRDA:25,0,1,0
BRDA:25,1,0,0
BRDA:25,1,1,0
BRF:4
BRH:0
end_of_record
TN:
SF:/Users/bstephens/projects/someapp/src/components/SearchBox.js
FN:1,(anonymous_0)
FN:1,defineProperties
FN:1,(anonymous_2)
FN:4,_interopRequireDefault
FN:4,_classCallCheck
FN:4,_possibleConstructorReturn
FN:4,_inherits
FN:6,(anonymous_7)
FN:7,SearchBox
FN:14,_doSearch
FN:19,processInput
FN:28,render
FN:31,onSubmit
FN:33,onInput
FNF:14
FNH:0
FNDA:0,(anonymous_0)
FNDA:0,defineProperties
FNDA:0,(anonymous_2)
FNDA:0,_interopRequireDefault
FNDA:0,_classCallCheck
FNDA:0,_possibleConstructorReturn
FNDA:0,_inherits
FNDA:0,(anonymous_7)
FNDA:0,SearchBox
FNDA:0,_doSearch
FNDA:0,processInput
FNDA:0,render
FNDA:0,onSubmit
FNDA:0,onInput
DA:1,0
DA:2,0
DA:3,0
DA:4,0
DA:6,0
DA:7,0
DA:9,0
DA:13,0
DA:14,0
DA:16,0
DA:17,0
DA:22,0
DA:23,0
DA:25,0
DA:26,0
DA:29,0
DA:30,0
DA:31,0
DA:33,0
DA:37,0
DA:40,0
LF:21
LH:0
BRDA:1,0,0,0
BRDA:1,0,1,0
BRDA:1,1,0,0
BRDA:1,1,1,0
BRDA:1,2,0,0
BRDA:1,2,1,0
BRDA:1,3,0,0
BRDA:1,3,1,0
BRDA:4,4,0,0
BRDA:4,4,1,0
BRDA:4,5,0,0
BRDA:4,5,1,0
BRDA:4,6,0,0
BRDA:4,6,1,0
BRDA:4,7,0,0
BRDA:4,7,1,0
BRDA:4,8,0,0
BRDA:4,8,1,0
BRDA:4,9,0,0
BRDA:4,9,1,0
BRDA:4,9,2,0
BRDA:4,10,0,0
BRDA:4,10,1,0
BRDA:4,11,0,0
BRDA:4,11,1,0
BRDA:4,12,0,0
BRDA:4,12,1,0
BRDA:4,13,0,0
BRDA:4,13,1,0
BRDA:4,14,0,0
BRDA:4,14,1,0
BRDA:7,15,0,0
BRDA:7,15,1,0
BRDA:16,16,0,0
BRDA:16,16,1,0
BRDA:25,17,0,0
BRDA:25,17,1,0
BRF:37
BRH:0
end_of_record
TN:
SF:/Users/bstephens/projects/someapp/src/components/SearchResults.js
FN:1,(anonymous_0)
FN:1,defineProperties
FN:1,(anonymous_2)
FN:2,_interopRequireDefault
FN:2,_classCallCheck
FN:2,_possibleConstructorReturn
FN:2,_inherits
FN:6,(anonymous_7)
FN:6,SearchResult
FN:6,render
FN:8,(anonymous_10)
FN:20,ResultItem
FNF:12
FNH:0
FNDA:0,(anonymous_0)
FNDA:0,defineProperties
FNDA:0,(anonymous_2)
FNDA:0,_interopRequireDefault
FNDA:0,_classCallCheck
FNDA:0,_possibleConstructorReturn
FNDA:0,_inherits
FNDA:0,(anonymous_7)
FNDA:0,SearchResult
FNDA:0,render
FNDA:0,(anonymous_10)
FNDA:0,ResultItem
DA:1,0
DA:2,0
DA:6,0
DA:8,0
DA:9,0
DA:12,0
DA:17,0
DA:21,0
DA:22,0
LF:9
LH:0
BRDA:1,0,0,0
BRDA:1,0,1,0
BRDA:1,1,0,0
BRDA:1,1,1,0
BRDA:1,2,0,0
BRDA:1,2,1,0
BRDA:1,3,0,0
BRDA:1,3,1,0
BRDA:2,4,0,0
BRDA:2,4,1,0
BRDA:2,5,0,0
BRDA:2,5,1,0
BRDA:2,6,0,0
BRDA:2,6,1,0
BRDA:2,7,0,0
BRDA:2,7,1,0
BRDA:2,8,0,0
BRDA:2,8,1,0
BRDA:2,9,0,0
BRDA:2,9,1,0
BRDA:2,9,2,0
BRDA:2,10,0,0
BRDA:2,10,1,0
BRDA:2,11,0,0
BRDA:2,11,1,0
BRDA:2,12,0,0
BRDA:2,12,1,0
BRDA:2,13,0,0
BRDA:2,13,1,0
BRDA:2,14,0,0
BRDA:2,14,1,0
BRDA:6,15,0,0
BRDA:6,15,1,0
BRF:33
BRH:0
end_of_record
TN:
SF:/Users/bstephens/projects/someapp/src/components/NewsFeed/ArticleListItem.js
FN:4,ArticleListItem
FNF:1
FNH:1
FNDA:10,ArticleListItem
DA:5,10
DA:6,10
DA:15,1
LF:3
LH:3
BRF:0
BRH:0
end_of_record
TN:
SF:/Users/bstephens/projects/someapp/src/components/NewsFeed/index.js
FN:12,(anonymous_0)
FN:13,(anonymous_1)
FNF:2
FNH:2
FNDA:1,(anonymous_0)
FNDA:10,(anonymous_1)
DA:5,1
DA:13,1
DA:14,10
DA:17,1
LF:4
LH:4
BRF:0
BRH:0
end_of_record
TN:
SF:/Users/bstephens/projects/someapp/src/reducers/index.js
FN:3,_interopRequireDefault
FNF:1
FNH:0
FNDA:0,_interopRequireDefault
DA:1,0
DA:2,0
DA:3,0
LF:3
LH:0
BRDA:3,0,0,0
BRDA:3,0,1,0
BRDA:3,1,0,0
BRDA:3,1,1,0
BRF:4
BRH:0
end_of_record
TN:
SF:/Users/bstephens/projects/someapp/src/reducers/news.reducers.js
FN:1,(anonymous_0)
FN:1,newsReducer
FNF:2
FNH:0
FNDA:0,(anonymous_0)
FNDA:0,newsReducer
DA:1,0
DA:2,0
DA:4,0
DA:6,0
DA:8,0
DA:12,0
DA:14,0
DA:16,0
LF:8
LH:0
BRDA:1,0,0,0
BRDA:1,0,1,0
BRDA:1,1,0,0
BRDA:1,1,1,0
BRDA:1,2,0,0
BRDA:1,2,1,0
BRDA:1,3,0,0
BRDA:1,3,1,0
BRDA:2,4,0,0
BRDA:2,4,1,0
BRDA:2,4,2,0
BRDA:2,4,3,0
BRF:12
BRH:0
end_of_record
TN:
SF:/Users/bstephens/projects/someapp/src/reducers/search.reducers.js
FN:1,(anonymous_0)
FN:1,searchReducer
FNF:2
FNH:0
FNDA:0,(anonymous_0)
FNDA:0,searchReducer
DA:1,0
DA:2,0
DA:3,0
DA:5,0
DA:9,0
DA:11,0
DA:15,0
DA:17,0
DA:21,0
DA:23,0
DA:25,0
LF:11
LH:0
BRDA:1,0,0,0
BRDA:1,0,1,0
BRDA:1,1,0,0
BRDA:1,1,1,0
BRDA:1,2,0,0
BRDA:1,2,1,0
BRDA:1,3,0,0
BRDA:1,3,1,0
BRDA:3,4,0,0
BRDA:3,4,1,0
BRDA:3,4,2,0
BRDA:3,4,3,0
BRF:12
BRH:0
end_of_record
TN:
SF:/Users/bstephens/projects/someapp/src/state/appStore.js
FN:5,_interopRequireDefault
FNF:1
FNH:0
FNDA:0,_interopRequireDefault
DA:1,0
DA:2,0
DA:3,0
DA:4,0
DA:5,0
DA:7,0
DA:9,0
DA:12,0
LF:8
LH:0
BRDA:5,0,0,0
BRDA:5,0,1,0
BRDA:5,1,0,0
BRDA:5,1,1,0
BRF:4
BRH:0
end_of_record
TN:
SF:/Users/bstephens/projects/someapp/src/state/initialState.js
FNF:0
FNH:0
DA:1,0
LF:1
LH:0
BRF:0
BRH:0
end_of_record
